2019-02-27 09:35:21,291 [Worker-3: Loading available Gradle versions] INFO  c.g.t.t.d.PublishedGradleVersions - Gradle version information cache is out-of-date. Trying to update.
2019-02-27 09:35:21,767 [Worker-3: Loading available Gradle versions] INFO  c.g.t.t.d.PublishedGradleVersions - Updating Gradle version information cache failed. Using outdated cache.
2019-02-27 09:40:45,711 [Worker-5: Creating project "tracker-gps"] INFO  o.e.m.c.i.e.AbstractTransferListenerAdapter - Downloaded https://repo.maven.apache.org/maven2/org/apache/maven/plugins/maven-clean-plugin/2.5/maven-clean-plugin-2.5.jar
2019-02-27 09:40:49,999 [Worker-5: Creating project "tracker-gps"] INFO  o.e.m.c.i.e.AbstractTransferListenerAdapter - Downloaded https://repo.maven.apache.org/maven2/org/apache/maven/plugins/maven-resources-plugin/2.6/maven-resources-plugin-2.6.jar
2019-02-27 09:40:53,904 [Worker-5: Creating project "tracker-gps"] INFO  o.e.m.c.i.e.AbstractTransferListenerAdapter - Downloaded https://repo.maven.apache.org/maven2/org/apache/maven/plugins/maven-compiler-plugin/3.1/maven-compiler-plugin-3.1.jar
2019-02-27 09:40:56,888 [Worker-5: Creating project "tracker-gps"] INFO  o.e.m.c.i.e.AbstractTransferListenerAdapter - Downloaded https://repo.maven.apache.org/maven2/org/apache/maven/plugins/maven-surefire-plugin/2.12.4/maven-surefire-plugin-2.12.4.jar
2019-02-27 09:40:59,848 [Worker-5: Creating project "tracker-gps"] INFO  o.e.m.c.i.e.AbstractTransferListenerAdapter - Downloaded https://repo.maven.apache.org/maven2/org/apache/maven/plugins/maven-jar-plugin/2.4/maven-jar-plugin-2.4.jar
2019-02-27 09:41:02,940 [Worker-5: Creating project "tracker-gps"] INFO  o.e.m.c.i.e.AbstractTransferListenerAdapter - Downloaded https://repo.maven.apache.org/maven2/org/apache/maven/plugins/maven-install-plugin/2.4/maven-install-plugin-2.4.jar
2019-02-27 09:41:05,907 [Worker-5: Creating project "tracker-gps"] INFO  o.e.m.c.i.e.AbstractTransferListenerAdapter - Downloaded https://repo.maven.apache.org/maven2/org/apache/maven/plugins/maven-deploy-plugin/2.7/maven-deploy-plugin-2.7.jar
2019-02-27 09:41:08,865 [Worker-5: Creating project "tracker-gps"] INFO  o.e.m.c.i.e.AbstractTransferListenerAdapter - Downloaded https://repo.maven.apache.org/maven2/org/apache/maven/plugins/maven-site-plugin/3.3/maven-site-plugin-3.3.jar
2019-02-27 09:41:11,882 [Worker-5: Creating project "tracker-gps"] INFO  o.e.m.c.i.e.AbstractTransferListenerAdapter - Downloaded https://repo.maven.apache.org/maven2/org/apache/maven/plugins/maven-compiler-plugin/3.1/maven-compiler-plugin-3.1.pom
2019-02-27 09:41:11,951 [Worker-5: Creating project "tracker-gps"] INFO  o.e.m.c.i.l.LifecycleMappingFactory - Using org.eclipse.m2e.jdt.JarLifecycleMapping lifecycle mapping for MavenProject: com.gps.tracker:tracker-gps:0.0.1-SNAPSHOT @ C:\Users\Administrador\Documents\ToyBox Tracker\tracker-gps\pom.xml.
2019-02-27 09:41:14,930 [Worker-5: Creating project "tracker-gps"] INFO  o.e.m.c.i.e.AbstractTransferListenerAdapter - Downloaded https://repo.maven.apache.org/maven2/org/apache/maven/plugins/maven-resources-plugin/2.6/maven-resources-plugin-2.6.pom
2019-03-01 08:14:06,809 [Worker-3: Loading available Gradle versions] INFO  c.g.t.t.d.PublishedGradleVersions - Gradle version information cache is out-of-date. Trying to update.
2019-03-01 08:14:07,230 [Worker-3: Loading available Gradle versions] INFO  c.g.t.t.d.PublishedGradleVersions - Updating Gradle version information cache failed. Using outdated cache.
2019-03-04 09:00:36,008 [Worker-7: Loading available Gradle versions] INFO  c.g.t.t.d.PublishedGradleVersions - Gradle version information cache is out-of-date. Trying to update.
2019-03-04 09:00:36,732 [Worker-7: Loading available Gradle versions] INFO  c.g.t.t.d.PublishedGradleVersions - Updating Gradle version information cache failed. Using outdated cache.
2019-03-05 08:57:44,056 [Worker-3: Loading available Gradle versions] INFO  c.g.t.t.d.PublishedGradleVersions - Gradle version information cache is out-of-date. Trying to update.
2019-03-05 08:57:44,518 [Worker-3: Loading available Gradle versions] INFO  c.g.t.t.d.PublishedGradleVersions - Updating Gradle version information cache failed. Using outdated cache.
2019-03-11 09:25:49,230 [Worker-3: Loading available Gradle versions] INFO  c.g.t.t.d.PublishedGradleVersions - Gradle version information cache is out-of-date. Trying to update.
2019-03-11 09:25:49,655 [Worker-3: Loading available Gradle versions] INFO  c.g.t.t.d.PublishedGradleVersions - Updating Gradle version information cache failed. Using outdated cache.
2019-03-12 08:42:01,314 [Worker-1: Loading available Gradle versions] INFO  c.g.t.t.d.PublishedGradleVersions - Gradle version information cache is out-of-date. Trying to update.
2019-03-12 08:42:01,821 [Worker-1: Loading available Gradle versions] INFO  c.g.t.t.d.PublishedGradleVersions - Updating Gradle version information cache failed. Using outdated cache.
2019-03-12 13:56:57,867 [Worker-15: Loading available Gradle versions] INFO  c.g.t.t.d.PublishedGradleVersions - Gradle version information cache is out-of-date. Trying to update.
2019-03-12 13:56:58,041 [Worker-15: Loading available Gradle versions] INFO  c.g.t.t.d.PublishedGradleVersions - Updating Gradle version information cache failed. Using outdated cache.
2019-03-13 09:00:45,843 [Worker-13: Loading available Gradle versions] INFO  c.g.t.t.d.PublishedGradleVersions - Gradle version information cache is out-of-date. Trying to update.
2019-03-13 09:00:46,141 [Worker-13: Loading available Gradle versions] INFO  c.g.t.t.d.PublishedGradleVersions - Updating Gradle version information cache failed. Using outdated cache.
2019-03-13 16:04:37,592 [Worker-112: Importing Maven projects] INFO  o.e.m.c.i.e.AbstractTransferListenerAdapter - Downloaded https://repo.maven.apache.org/maven2/org/apache/felix/maven-bundle-plugin/3.5.0/maven-bundle-plugin-3.5.0.pom
2019-03-13 16:04:40,985 [Worker-112: Importing Maven projects] INFO  o.e.m.c.i.e.AbstractTransferListenerAdapter - Downloaded https://repo.maven.apache.org/maven2/org/apache/maven/plugins/maven-site-plugin/maven-metadata.xml
2019-03-13 16:04:40,985 [Worker-112: Importing Maven projects] WARN  o.e.m.c.i.embedder.EclipseLogger - Could not transfer metadata org.apache.maven.plugins:maven-site-plugin/maven-metadata.xml from/to central (https://repo.maven.apache.org/maven2): sun.security.validator.ValidatorException: PKIX path building failed: sun.security.provider.certpath.SunCertPathBuilderException: unable to find valid certification path to requested target
2019-03-13 16:04:41,001 [Worker-112: Importing Maven projects] WARN  o.e.m.c.i.embedder.EclipseLogger - Failure to transfer org.apache.maven.plugins:maven-site-plugin/maven-metadata.xml from https://repo.maven.apache.org/maven2 was cached in the local repository, resolution will not be reattempted until the update interval of central has elapsed or updates are forced. Original error: Could not transfer metadata org.apache.maven.plugins:maven-site-plugin/maven-metadata.xml from/to central (https://repo.maven.apache.org/maven2): sun.security.validator.ValidatorException: PKIX path building failed: sun.security.provider.certpath.SunCertPathBuilderException: unable to find valid certification path to requested target
2019-03-13 16:04:41,017 [Worker-112: Importing Maven projects] WARN  o.e.m.c.i.embedder.EclipseLogger - Failure to transfer org.apache.maven.plugins:maven-site-plugin/maven-metadata.xml from https://repo.maven.apache.org/maven2 was cached in the local repository, resolution will not be reattempted until the update interval of central has elapsed or updates are forced. Original error: Could not transfer metadata org.apache.maven.plugins:maven-site-plugin/maven-metadata.xml from/to central (https://repo.maven.apache.org/maven2): sun.security.validator.ValidatorException: PKIX path building failed: sun.security.provider.certpath.SunCertPathBuilderException: unable to find valid certification path to requested target
2019-03-13 16:04:41,095 [Worker-112: Importing Maven projects] INFO  o.e.m.c.i.l.LifecycleMappingFactory - Using DEFAULT lifecycle mapping for MavenProject: com.corundumstudio.socketio:netty-socketio:1.7.18-SNAPSHOT @ C:\Users\Administrador\Documents\SANTANDER\netty-socketio-master\pom.xml.
2019-03-13 16:04:44,058 [Worker-112: Importing Maven projects] INFO  o.e.m.c.i.e.AbstractTransferListenerAdapter - Downloaded https://repo.maven.apache.org/maven2/io/netty/netty-buffer/4.1.32.Final/netty-buffer-4.1.32.Final.pom
2019-03-13 16:04:47,079 [Worker-112: Importing Maven projects] INFO  o.e.m.c.i.e.AbstractTransferListenerAdapter - Downloaded https://repo.maven.apache.org/maven2/io/netty/netty-common/4.1.32.Final/netty-common-4.1.32.Final.pom
2019-03-13 16:04:52,774 [Worker-112: Importing Maven projects] INFO  o.e.m.c.i.e.AbstractTransferListenerAdapter - Downloaded https://repo.maven.apache.org/maven2/io/netty/netty-transport/4.1.32.Final/netty-transport-4.1.32.Final.pom
2019-03-13 16:04:52,854 [Worker-112: Importing Maven projects] INFO  o.e.m.c.i.e.AbstractTransferListenerAdapter - Downloaded https://repo.maven.apache.org/maven2/io/netty/netty-handler/4.1.32.Final/netty-handler-4.1.32.Final.pom
2019-03-13 16:04:52,932 [Worker-112: Importing Maven projects] INFO  o.e.m.c.i.e.AbstractTransferListenerAdapter - Downloaded https://repo.maven.apache.org/maven2/io/netty/netty-codec-http/4.1.32.Final/netty-codec-http-4.1.32.Final.pom
2019-03-13 16:04:52,994 [Worker-112: Importing Maven projects] INFO  o.e.m.c.i.e.AbstractTransferListenerAdapter - Downloaded https://repo.maven.apache.org/maven2/io/netty/netty-codec/4.1.32.Final/netty-codec-4.1.32.Final.pom
2019-03-13 16:04:53,055 [Worker-112: Importing Maven projects] INFO  o.e.m.c.i.e.AbstractTransferListenerAdapter - Downloaded https://repo.maven.apache.org/maven2/io/netty/netty-transport-native-epoll/4.1.32.Final/netty-transport-native-epoll-4.1.32.Final.pom
2019-03-13 16:04:53,096 [Worker-112: Importing Maven projects] INFO  o.e.m.c.i.e.AbstractTransferListenerAdapter - Downloaded https://repo.maven.apache.org/maven2/org/jmockit/jmockit/1.39/jmockit-1.39.pom
2019-03-13 16:04:53,158 [Worker-112: Importing Maven projects] INFO  o.e.m.c.i.e.AbstractTransferListenerAdapter - Downloaded https://repo.maven.apache.org/maven2/junit/junit/4.11/junit-4.11.pom
2019-03-13 16:04:53,205 [Worker-112: Importing Maven projects] INFO  o.e.m.c.i.e.AbstractTransferListenerAdapter - Downloaded https://repo.maven.apache.org/maven2/org/slf4j/slf4j-api/1.7.21/slf4j-api-1.7.21.pom
2019-03-13 16:04:53,278 [Worker-112: Importing Maven projects] INFO  o.e.m.c.i.e.AbstractTransferListenerAdapter - Downloaded https://repo.maven.apache.org/maven2/com/fasterxml/jackson/core/jackson-core/2.9.7/jackson-core-2.9.7.pom
2019-03-13 16:04:53,334 [Worker-112: Importing Maven projects] INFO  o.e.m.c.i.e.AbstractTransferListenerAdapter - Downloaded https://repo.maven.apache.org/maven2/com/fasterxml/jackson/core/jackson-databind/2.9.7/jackson-databind-2.9.7.pom
2019-03-13 16:04:53,381 [Worker-112: Importing Maven projects] INFO  o.e.m.c.i.e.AbstractTransferListenerAdapter - Downloaded https://repo.maven.apache.org/maven2/org/springframework/spring-beans/maven-metadata.xml
2019-03-13 16:04:53,381 [Worker-112: Importing Maven projects] WARN  o.e.m.c.i.embedder.EclipseLogger - Could not transfer metadata org.springframework:spring-beans/maven-metadata.xml from/to central (https://repo.maven.apache.org/maven2): No route to host: connect
2019-03-13 16:04:53,443 [Worker-112: Importing Maven projects] INFO  o.e.m.c.i.e.AbstractTransferListenerAdapter - Downloaded https://repo.maven.apache.org/maven2/org/springframework/spring-core/maven-metadata.xml
2019-03-13 16:04:53,443 [Worker-112: Importing Maven projects] WARN  o.e.m.c.i.embedder.EclipseLogger - Could not transfer metadata org.springframework:spring-core/maven-metadata.xml from/to central (https://repo.maven.apache.org/maven2): No route to host: connect
2019-03-13 16:04:53,537 [Worker-112: Importing Maven projects] INFO  o.e.m.c.i.e.AbstractTransferListenerAdapter - Downloaded https://repo.maven.apache.org/maven2/org/redisson/redisson/3.10.0/redisson-3.10.0.pom
2019-03-13 16:04:53,584 [Worker-112: Importing Maven projects] INFO  o.e.m.c.i.e.AbstractTransferListenerAdapter - Downloaded https://repo.maven.apache.org/maven2/com/hazelcast/hazelcast-client/3.4.3/hazelcast-client-3.4.3.pom
2019-03-13 16:04:53,899 [Worker-112: Importing Maven projects] INFO  o.e.m.c.i.p.ProjectConfigurationManager - Imported and configured 1 project(s) in 21 sec
2019-03-13 16:04:54,133 [Worker-128: Building workspace] WARN  o.e.m.c.i.embedder.EclipseLogger - Failure to transfer org.springframework:spring-beans/maven-metadata.xml from https://repo.maven.apache.org/maven2 was cached in the local repository, resolution will not be reattempted until the update interval of central has elapsed or updates are forced. Original error: Could not transfer metadata org.springframework:spring-beans/maven-metadata.xml from/to central (https://repo.maven.apache.org/maven2): No route to host: connect
2019-03-13 16:04:54,133 [Worker-128: Building workspace] WARN  o.e.m.c.i.embedder.EclipseLogger - Failure to transfer org.springframework:spring-core/maven-metadata.xml from https://repo.maven.apache.org/maven2 was cached in the local repository, resolution will not be reattempted until the update interval of central has elapsed or updates are forced. Original error: Could not transfer metadata org.springframework:spring-core/maven-metadata.xml from/to central (https://repo.maven.apache.org/maven2): No route to host: connect
2019-03-13 16:04:54,149 [Worker-128: Building workspace] WARN  o.e.m.c.i.embedder.EclipseLogger - Failure to transfer org.apache.maven.plugins:maven-site-plugin/maven-metadata.xml from https://repo.maven.apache.org/maven2 was cached in the local repository, resolution will not be reattempted until the update interval of central has elapsed or updates are forced. Original error: Could not transfer metadata org.apache.maven.plugins:maven-site-plugin/maven-metadata.xml from/to central (https://repo.maven.apache.org/maven2): sun.security.validator.ValidatorException: PKIX path building failed: sun.security.provider.certpath.SunCertPathBuilderException: unable to find valid certification path to requested target
2019-03-13 16:04:54,149 [Worker-128: Building workspace] WARN  o.e.m.c.i.embedder.EclipseLogger - Failure to transfer org.apache.maven.plugins:maven-site-plugin/maven-metadata.xml from https://repo.maven.apache.org/maven2 was cached in the local repository, resolution will not be reattempted until the update interval of central has elapsed or updates are forced. Original error: Could not transfer metadata org.apache.maven.plugins:maven-site-plugin/maven-metadata.xml from/to central (https://repo.maven.apache.org/maven2): sun.security.validator.ValidatorException: PKIX path building failed: sun.security.provider.certpath.SunCertPathBuilderException: unable to find valid certification path to requested target
2019-03-13 16:04:54,149 [Worker-128: Building workspace] WARN  o.e.m.c.i.embedder.EclipseLogger - Failure to transfer org.apache.maven.plugins:maven-site-plugin/maven-metadata.xml from https://repo.maven.apache.org/maven2 was cached in the local repository, resolution will not be reattempted until the update interval of central has elapsed or updates are forced. Original error: Could not transfer metadata org.apache.maven.plugins:maven-site-plugin/maven-metadata.xml from/to central (https://repo.maven.apache.org/maven2): sun.security.validator.ValidatorException: PKIX path building failed: sun.security.provider.certpath.SunCertPathBuilderException: unable to find valid certification path to requested target
2019-03-13 16:05:30,000 [Worker-112: Launching Executing clean in C__Users_Administrador_Documents_SANTANDER_netty-socketio-master] INFO  o.e.m.i.launch.MavenLaunchDelegate - C:\Users\Administrador\Documents\SANTANDER\netty-socketio-master
2019-03-13 16:05:30,000 [Worker-112: Launching Executing clean in C__Users_Administrador_Documents_SANTANDER_netty-socketio-master] INFO  o.e.m.i.launch.MavenLaunchDelegate -  mvn -B clean
